

Version:	3.50
CmdLine:	C:\Users\aceof\Desktop\JavaFinalProject-main\PsychologyQuiz.exe --l4j-debug
JNI:		No
WOW64:		Yes
Create mutex:	PsychologyQuiz
Requires JDK:	No
Requires 64-Bit: No
Java min ver:	1.008.000
Java max ver:	
Substitute:	JAVA_HOME = 
Substitute:	PATH = C:\Program Files\Common Files\Oracle\Java\javapath;C:\Program Files (x86)\Common Files\Intel\Shared Libraries\redist\intel64\compiler;C:\ffmpeg\bin;C:\Program Files (x86)\Common Files\Oracle\Java\javapath;C:\ProgramData\Oracle\Java\javapath;C:\Windows\system32;C:\Windows;C:\Windows\System32\Wbem;C:\Windows\System32\WindowsPowerShell\v1.0\;C:\Windows\System32\OpenSSH\;C:\Program Files (x86)\NVIDIA Corporation\PhysX\Common;C:\Program Files\NVIDIA Corporation\NVIDIA NvDLISR;C:\Users\aceof\AppData\Local\Microsoft\WindowsApps;C:\Users\aceof\AppData\Local\Programs\Microsoft VS Code\bin;C:\Program Files\Git\cmd;C:\Users\aceof\AppData\Local\Programs\Python\Python310\;C:\Users\aceof\AppData\Local\Programs\Python\Python310\Scripts\;C:\Program Files\Microsoft SQL Server\150\Tools\Binn\;C:\Program Files\dotnet\;C:\Program Files\nodejs\;C:\Users\aceof\AppData\Local\Programs\Python\Python310\Scripts\;C:\Users\aceof\AppData\Local\Programs\Python\Python310\;C:\Users\aceof\AppData\Local\Microsoft\WindowsApps;C:\Users\aceof\AppData\Local\Programs\Microsoft VS Code\bin;C:\Program Files\heroku\bin;C:\Users\aceof\.dotnet\tools;C:\Users\aceof\AppData\Roaming\npm;C:\Users\aceof\AppData\Local\GitHubDesktop\bin;C:\Program Files\Java\jre1.8.0_351\bin
JRE paths:	;C:\Program Files\Common Files\Oracle\Java\javapath;C:\Program Files (x86)\Common Files\Intel\Shared Libraries\redist\intel64\compiler;C:\ffmpeg\bin;C:\Program Files (x86)\Common Files\Oracle\Java\javapath;C:\ProgramData\Oracle\Java\javapath;C:\Windows\system32;C:\Windows;C:\Windows\System32\Wbem;C:\Windows\System32\WindowsPowerShell\v1.0\;C:\Windows\System32\OpenSSH\;C:\Program Files (x86)\NVIDIA Corporation\PhysX\Common;C:\Program Files\NVIDIA Corporation\NVIDIA NvDLISR;C:\Users\aceof\AppData\Local\Microsoft\WindowsApps;C:\Users\aceof\AppData\Local\Programs\Microsoft VS Code\bin;C:\Program Files\Git\cmd;C:\Users\aceof\AppData\Local\Programs\Python\Python310\;C:\Users\aceof\AppData\Local\Programs\Python\Python310\Scripts\;C:\Program Files\Microsoft SQL Server\150\Tools\Binn\;C:\Program Files\dotnet\;C:\Program Files\nodejs\;C:\Users\aceof\AppData\Local\Programs\Python\Python310\Scripts\;C:\Users\aceof\AppData\Local\Programs\Python\Python310\;C:\Users\aceof\AppData\Local\Microsoft\WindowsApps;C:\Users\aceof\AppData\Local\Programs\Microsoft VS Code\bin;C:\Program Files\heroku\bin;C:\Users\aceof\.dotnet\tools;C:\Users\aceof\AppData\Roaming\npm;C:\Users\aceof\AppData\Local\GitHubDesktop\bin;C:\Program Files\Java\jre1.8.0_351\bin
Check launcher:	C:\Program Files\Common Files\Oracle\Java\javapath\bin\javaw.exe (not found)
Check launcher:	C:\Program Files (x86)\Common Files\Intel\Shared Libraries\redist\intel64\compiler\bin\javaw.exe (not found)
Check launcher:	C:\ffmpeg\bin\javaw.exe (not found)
Check launcher:	C:\Program Files (x86)\Common Files\Oracle\Java\javapath\bin\javaw.exe (not found)
Check launcher:	C:\ProgramData\Oracle\Java\javapath\bin\javaw.exe (not found)
Check launcher:	C:\Windows\system32\bin\javaw.exe (not found)
Check launcher:	C:\Windows\bin\javaw.exe (not found)
Check launcher:	C:\Windows\System32\Wbem\bin\javaw.exe (not found)
Check launcher:	C:\Windows\System32\WindowsPowerShell\v1.0\bin\javaw.exe (not found)
Check launcher:	C:\Windows\System32\OpenSSH\bin\javaw.exe (not found)
Check launcher:	C:\Program Files (x86)\NVIDIA Corporation\PhysX\Common\bin\javaw.exe (not found)
Check launcher:	C:\Program Files\NVIDIA Corporation\NVIDIA NvDLISR\bin\javaw.exe (not found)
Check launcher:	C:\Users\aceof\AppData\Local\Microsoft\WindowsApps\bin\javaw.exe (not found)
Check launcher:	C:\Users\aceof\AppData\Local\Programs\Microsoft VS Code\bin\javaw.exe (not found)
Check launcher:	C:\Program Files\Git\cmd\bin\javaw.exe (not found)
Check launcher:	C:\Users\aceof\AppData\Local\Programs\Python\Python310\bin\javaw.exe (not found)
Check launcher:	C:\Users\aceof\AppData\Local\Programs\Python\Python310\Scripts\bin\javaw.exe (not found)
Check launcher:	C:\Program Files\Microsoft SQL Server\150\Tools\Binn\bin\javaw.exe (not found)
Check launcher:	C:\Program Files\dotnet\bin\javaw.exe (not found)
Check launcher:	C:\Program Files\nodejs\bin\javaw.exe (not found)
Check launcher:	C:\Users\aceof\AppData\Local\Programs\Python\Python310\Scripts\bin\javaw.exe (not found)
Check launcher:	C:\Users\aceof\AppData\Local\Programs\Python\Python310\bin\javaw.exe (not found)
Check launcher:	C:\Users\aceof\AppData\Local\Microsoft\WindowsApps\bin\javaw.exe (not found)
Check launcher:	C:\Users\aceof\AppData\Local\Programs\Microsoft VS Code\bin\javaw.exe (not found)
Check launcher:	C:\Program Files\heroku\bin\javaw.exe (not found)
Check launcher:	C:\Users\aceof\.dotnet\tools\bin\javaw.exe (not found)
Check launcher:	C:\Users\aceof\AppData\Roaming\npm\bin\javaw.exe (not found)
Check launcher:	C:\Users\aceof\AppData\Local\GitHubDesktop\bin\javaw.exe (not found)
Check launcher:	C:\Program Files\Java\jre1.8.0_351\bin\javaw.exe (OK)
Version string: 1.008.000_351 / 64-Bit (OK)
Launcher:	C:\Program Files\Java\jre1.8.0_351\bin\javaw.exe
Launcher args:	-jar "C:\Users\aceof\Desktop\JavaFinalProject-main\PsychologyQuiz.exe"
Args length:	70/32768 chars
Exit code:	0


Version:	3.50
CmdLine:	C:\Users\aceof\Desktop\JavaFinalProject-main\PsychologyQuiz.exe --l4j-debug
JNI:		No
WOW64:		Yes
Create mutex:	PsychologyQuiz
Requires JDK:	No
Requires 64-Bit: No
Java min ver:	1.017.000_004
Java max ver:	
Substitute:	JAVA_HOME = 
Substitute:	PATH = C:\Program Files\Common Files\Oracle\Java\javapath;C:\Program Files (x86)\Common Files\Intel\Shared Libraries\redist\intel64\compiler;C:\ffmpeg\bin;C:\Program Files (x86)\Common Files\Oracle\Java\javapath;C:\ProgramData\Oracle\Java\javapath;C:\Windows\system32;C:\Windows;C:\Windows\System32\Wbem;C:\Windows\System32\WindowsPowerShell\v1.0\;C:\Windows\System32\OpenSSH\;C:\Program Files (x86)\NVIDIA Corporation\PhysX\Common;C:\Program Files\NVIDIA Corporation\NVIDIA NvDLISR;C:\Users\aceof\AppData\Local\Microsoft\WindowsApps;C:\Users\aceof\AppData\Local\Programs\Microsoft VS Code\bin;C:\Program Files\Git\cmd;C:\Users\aceof\AppData\Local\Programs\Python\Python310\;C:\Users\aceof\AppData\Local\Programs\Python\Python310\Scripts\;C:\Program Files\Microsoft SQL Server\150\Tools\Binn\;C:\Program Files\dotnet\;C:\Program Files\nodejs\;C:\Users\aceof\AppData\Local\Programs\Python\Python310\Scripts\;C:\Users\aceof\AppData\Local\Programs\Python\Python310\;C:\Users\aceof\AppData\Local\Microsoft\WindowsApps;C:\Users\aceof\AppData\Local\Programs\Microsoft VS Code\bin;C:\Program Files\heroku\bin;C:\Users\aceof\.dotnet\tools;C:\Users\aceof\AppData\Roaming\npm;C:\Users\aceof\AppData\Local\GitHubDesktop\bin;C:\Program Files\Java\jre1.8.0_351\bin
JRE paths:	;C:\Program Files\Common Files\Oracle\Java\javapath;C:\Program Files (x86)\Common Files\Intel\Shared Libraries\redist\intel64\compiler;C:\ffmpeg\bin;C:\Program Files (x86)\Common Files\Oracle\Java\javapath;C:\ProgramData\Oracle\Java\javapath;C:\Windows\system32;C:\Windows;C:\Windows\System32\Wbem;C:\Windows\System32\WindowsPowerShell\v1.0\;C:\Windows\System32\OpenSSH\;C:\Program Files (x86)\NVIDIA Corporation\PhysX\Common;C:\Program Files\NVIDIA Corporation\NVIDIA NvDLISR;C:\Users\aceof\AppData\Local\Microsoft\WindowsApps;C:\Users\aceof\AppData\Local\Programs\Microsoft VS Code\bin;C:\Program Files\Git\cmd;C:\Users\aceof\AppData\Local\Programs\Python\Python310\;C:\Users\aceof\AppData\Local\Programs\Python\Python310\Scripts\;C:\Program Files\Microsoft SQL Server\150\Tools\Binn\;C:\Program Files\dotnet\;C:\Program Files\nodejs\;C:\Users\aceof\AppData\Local\Programs\Python\Python310\Scripts\;C:\Users\aceof\AppData\Local\Programs\Python\Python310\;C:\Users\aceof\AppData\Local\Microsoft\WindowsApps;C:\Users\aceof\AppData\Local\Programs\Microsoft VS Code\bin;C:\Program Files\heroku\bin;C:\Users\aceof\.dotnet\tools;C:\Users\aceof\AppData\Roaming\npm;C:\Users\aceof\AppData\Local\GitHubDesktop\bin;C:\Program Files\Java\jre1.8.0_351\bin
Check launcher:	C:\Program Files\Common Files\Oracle\Java\javapath\bin\javaw.exe (not found)
Check launcher:	C:\Program Files (x86)\Common Files\Intel\Shared Libraries\redist\intel64\compiler\bin\javaw.exe (not found)
Check launcher:	C:\ffmpeg\bin\javaw.exe (not found)
Check launcher:	C:\Program Files (x86)\Common Files\Oracle\Java\javapath\bin\javaw.exe (not found)
Check launcher:	C:\ProgramData\Oracle\Java\javapath\bin\javaw.exe (not found)
Check launcher:	C:\Windows\system32\bin\javaw.exe (not found)
Check launcher:	C:\Windows\bin\javaw.exe (not found)
Check launcher:	C:\Windows\System32\Wbem\bin\javaw.exe (not found)
Check launcher:	C:\Windows\System32\WindowsPowerShell\v1.0\bin\javaw.exe (not found)
Check launcher:	C:\Windows\System32\OpenSSH\bin\javaw.exe (not found)
Check launcher:	C:\Program Files (x86)\NVIDIA Corporation\PhysX\Common\bin\javaw.exe (not found)
Check launcher:	C:\Program Files\NVIDIA Corporation\NVIDIA NvDLISR\bin\javaw.exe (not found)
Check launcher:	C:\Users\aceof\AppData\Local\Microsoft\WindowsApps\bin\javaw.exe (not found)
Check launcher:	C:\Users\aceof\AppData\Local\Programs\Microsoft VS Code\bin\javaw.exe (not found)
Check launcher:	C:\Program Files\Git\cmd\bin\javaw.exe (not found)
Check launcher:	C:\Users\aceof\AppData\Local\Programs\Python\Python310\bin\javaw.exe (not found)
Check launcher:	C:\Users\aceof\AppData\Local\Programs\Python\Python310\Scripts\bin\javaw.exe (not found)
Check launcher:	C:\Program Files\Microsoft SQL Server\150\Tools\Binn\bin\javaw.exe (not found)
Check launcher:	C:\Program Files\dotnet\bin\javaw.exe (not found)
Check launcher:	C:\Program Files\nodejs\bin\javaw.exe (not found)
Check launcher:	C:\Users\aceof\AppData\Local\Programs\Python\Python310\Scripts\bin\javaw.exe (not found)
Check launcher:	C:\Users\aceof\AppData\Local\Programs\Python\Python310\bin\javaw.exe (not found)
Check launcher:	C:\Users\aceof\AppData\Local\Microsoft\WindowsApps\bin\javaw.exe (not found)
Check launcher:	C:\Users\aceof\AppData\Local\Programs\Microsoft VS Code\bin\javaw.exe (not found)
Check launcher:	C:\Program Files\heroku\bin\javaw.exe (not found)
Check launcher:	C:\Users\aceof\.dotnet\tools\bin\javaw.exe (not found)
Check launcher:	C:\Users\aceof\AppData\Roaming\npm\bin\javaw.exe (not found)
Check launcher:	C:\Users\aceof\AppData\Local\GitHubDesktop\bin\javaw.exe (not found)
Check launcher:	C:\Program Files\Java\jre1.8.0_351\bin\javaw.exe (OK)
Version string: 1.008.000_351 / 64-Bit (Ignore)
64-bit search:	SOFTWARE\JavaSoft\Java Runtime Environment...
Check:		SOFTWARE\JavaSoft\Java Runtime Environment\1.8
Version string: 1.008.000 / 64-Bit (Ignore)
Ignore:		1.008.000
Check:		SOFTWARE\JavaSoft\Java Runtime Environment\1.8.0_321
Version string: 1.008.000_321 / 64-Bit (Ignore)
Ignore:		1.008.000_321
Check:		SOFTWARE\JavaSoft\Java Runtime Environment\1.8.0_351
Version string: 1.008.000_351 / 64-Bit (Ignore)
Ignore:		1.008.000_351
32-bit search:	SOFTWARE\JavaSoft\Java Runtime Environment...
64-bit search:	SOFTWARE\JavaSoft\Java Development Kit...
Check:		SOFTWARE\JavaSoft\Java Development Kit\1.8
Version string: 1.008.000 / 64-Bit (Ignore)
Ignore:		1.008.000
Check:		SOFTWARE\JavaSoft\Java Development Kit\1.8.0_351
Version string: 1.008.000_351 / 64-Bit (Ignore)
Ignore:		1.008.000_351
32-bit search:	SOFTWARE\JavaSoft\Java Development Kit...
64-bit search:	SOFTWARE\JavaSoft\JRE...
32-bit search:	SOFTWARE\JavaSoft\JRE...
64-bit search:	SOFTWARE\JavaSoft\JDK...
Check:		SOFTWARE\JavaSoft\JDK\17.0.4
Version string: 1.017.000_004 / 64-Bit (OK)
Check launcher:	C:\Program Files\Java\jdk-17.0.4\bin\javaw.exe (OK)
Match:		1.017.000_004
Runtime used:	1.017.000_004 (64-bit)
Launcher:	C:\Program Files\Java\jdk-17.0.4\bin\javaw.exe
Launcher args:	-jar "C:\Users\aceof\Desktop\JavaFinalProject-main\PsychologyQuiz.exe"
Args length:	70/32768 chars
Exit code:	0
